<?xml version="1.0" encoding="UTF-8"?>
<!-- Generated by org.testng.reporters.JUnitXMLReporter -->
<testsuite hostname="DESKTOP-VUGM2GH" failures="0" tests="7" name="Default test" time="1.292" errors="0" timestamp="11 Oct 2018 17:44:36 GMT">
  <testcase classname="com.datadriven.test.DataProviderTest" name="checkDataProverFun" time="0.008"/>
  <testcase classname="com.datadriven.test.DataProviderTest" name="checkDataProverFun" time="0.027"/>
  <testcase classname="com.datadriven.test.DataProviderTest" name="checkDataProverFun" time="0.003"/>
  <testcase classname="com.datadriven.test.DataProviderTest" name="checkDataProverFun" time="0.002"/>
  <testcase classname="com.datadriven.test.DataProviderTest" name="checkDataProverFun" time="0.073"/>
  <testcase classname="com.datadriven.test.DataProviderTest" name="checkDataProverFun" time="0.003"/>
  <testcase classname="com.datadriven.test.DataProviderTest" name="checkDataProverFun2" time="0.002"/>
</testsuite> <!-- Default test -->
