<?xml version="1.0" encoding="UTF-8"?>
<!-- Generated by org.testng.reporters.JUnitXMLReporter -->
<testsuite hostname="DESKTOP-VUGM2GH" failures="0" tests="2" name="Default test" time="0.041" errors="0" timestamp="7 Oct 2018 17:29:19 GMT">
  <testcase classname="TestNNGSuite.TestNGFeatures" name="fTest1" time="0.011">
    <skipped/>
  </testcase> <!-- fTest1 -->
  <testcase classname="TestNNGSuite.TestNGFeatures" name="fTest2" time="0.001">
    <skipped/>
  </testcase> <!-- fTest2 -->
</testsuite> <!-- Default test -->
