<?xml version="1.0" encoding="UTF-8"?>
<!-- Generated by org.testng.reporters.JUnitXMLReporter -->
<testsuite hostname="DESKTOP-VUGM2GH" failures="0" tests="3" name="Test" time="45.871" errors="0" timestamp="7 Oct 2018 17:30:13 GMT">
  <testcase classname="SeleniumPractise.DragAndDrop" name="fDragAndDrop" time="20.525"/>
  <testcase classname="TestNNGSuite.TestNGFeatures" name="fTest1" time="0.014"/>
  <testcase classname="TestNNGSuite.TestNGFeatures" name="fTest2" time="0.005"/>
</testsuite> <!-- Test -->
