<?xml version="1.0" encoding="UTF-8"?>
<testng-results total="1" passed="1" failed="0" skipped="0">
  <reporter-output>
  </reporter-output>
  <suite started-at="2018-09-08T10:25:32Z" name="Default suite" finished-at="2018-09-08T10:25:50Z" duration-ms="18072">
    <groups>
    </groups>
    <test started-at="2018-09-08T10:25:32Z" name="Default test" finished-at="2018-09-08T10:25:50Z" duration-ms="18072">
      <class name="SeleniumPractise.Driver">
        <test-method signature="startChrome()[pri:0, instance:SeleniumPractise.Driver@58a9760d]" started-at="2018-09-08T15:55:32Z" name="startChrome" finished-at="2018-09-08T15:55:50Z" duration-ms="18046" status="PASS">
          <reporter-output>
          </reporter-output>
        </test-method> <!-- startChrome -->
      </class> <!-- SeleniumPractise.Driver -->
    </test> <!-- Default test -->
  </suite> <!-- Default suite -->
</testng-results>
